<?xml version="1.0" encoding="UTF-8"?>
<unitTest version="1">
    <file path="/Users/louise/Documents/acelera/carango-bom-base/src/pages/dashboard/Dashboard.test.js">
        <testCase name="Testes do componente Dashboard Deve renderizar o componente corretamente" duration="257"/>
    </file>
    <file path="/Users/louise/Documents/acelera/carango-bom-base/src/pages/marca/CadastroMarca.test.js">
        <testCase name="Component de CadastroMarca O component deve sempre exibir o campo de marca" duration="476"/>
        <testCase name="Component de CadastroMarca O component deve sempre exibir o botão de cancelar" duration="96"/>
        <testCase name="Component de CadastroMarca Quando aperto o botão de cancelar, o component deve voltar para a página anterior" duration="83"/>
        <testCase name="Component de CadastroMarca Página de cadastro Quando acesso /cadastro-marca, estou na página de cadastro" duration="97"/>
        <testCase name="Component de CadastroMarca Página de cadastro Quando tento cadastrar uma marca inválida, o botão de cadastrar deve estar desabilitado" duration="121"/>
        <testCase name="Component de CadastroMarca Página de cadastro Quando tento cadastrar uma marca válida, o component deve chamar a função cadastrar e voltar para a página anterior" duration="116"/>
        <testCase name="Component de CadastroMarca Página de alteração Quando acesso /alteracao-marca/:id, estou na página de alteração" duration="103"/>
        <testCase name="Component de CadastroMarca Página de alteração Quando tento alterar a marca FORD, seu nome aparece no campo" duration="190"/>
        <testCase name="Component de CadastroMarca Página de alteração Quando tento alterar uma marca com um nome inválido, o botão de alterar deve estar desabilitado" duration="134"/>
        <testCase name="Component de CadastroMarca Página de alteração Quando tento alterar uma marca com um nome válido, o component deve chamar a função alterar e voltar para a página anterior" duration="82"/>
    </file>
    <file path="/Users/louise/Documents/acelera/carango-bom-base/src/pages/cadastro/Cadastro.test.js">
        <testCase name="Testes de Login Testes de renderização e exibição Deve renderizar componente corretamente" duration="1630"/>
        <testCase name="Testes de Login Testes de renderização e exibição Deve exibir link para a página de Login" duration="384"/>
        <testCase name="Testes de Login Testes de habilitar/desabilitar botão de Cadastro Deve desabilitar botão de Cadastrar quando Usuário for inválido" duration="422"/>
        <testCase name="Testes de Login Testes de habilitar/desabilitar botão de Cadastro Deve desabilitar botão de Cadastrar quando Senha for inválida" duration="351"/>
        <testCase name="Testes de Login Testes de habilitar/desabilitar botão de Cadastro Deve desabilitar botão de Cadastrar quando Senhas forem diferentes" duration="317"/>
        <testCase name="Testes de Login Testes de habilitar/desabilitar botão de Cadastro Deve habilitar o botão de Cadastrar quando Os campos estiverem preenchidos corretamente " duration="374"/>
        <testCase name="Testes de Login Testes de redirecionamento Deve redirecionar para tela de Login quando cadastro for realizado com sucesso" duration="279"/>
    </file>
    <file path="/Users/louise/Documents/acelera/carango-bom-base/src/components/header/Header.test.js">
        <testCase name="Testes do componente Header Usuário não logado Testes de renderização e exibição Deve renderizar componente corretamente" duration="880"/>
        <testCase name="Testes do componente Header Usuário não logado Testes de renderização e exibição Deve exibir opções corretamente ao clicar no menu" duration="183"/>
        <testCase name="Testes do componente Header Usuário não logado Testes de redirecionamento Testes de Home e Login Deve redirecionar para a Home ao clicar no título" duration="140"/>
        <testCase name="Testes do componente Header Usuário não logado Testes de redirecionamento Testes de Home e Login Deve redirecionar para a tela de Login ao clicar no botão Login" duration="283"/>
        <testCase name="Testes do componente Header Usuário não logado Testes de redirecionamento Testes dos itens de menu Deve redirecionar para a página de listagem de veículos ao clicar na opção Veículos" duration="149"/>
        <testCase name="Testes do componente Header Usuário logado Testes de renderização e exibição Deve renderizar componente corretamente, incluindo nome do usuário logado" duration="202"/>
        <testCase name="Testes do componente Header Usuário logado Testes de renderização e exibição Deve exibir opções corretamente ao clicar no menu" duration="166"/>
        <testCase name="Testes do componente Header Usuário logado Testes de redirecionamento Testes de Logout Deve exibir opção de logout e limpar dados do usuário autenticado ao clicá-la" duration="182"/>
        <testCase name="Testes do componente Header Usuário logado Testes de redirecionamento Testes dos itens de menu Deve redirecionar para a página de listagem de marcas ao clicar na opção Marcas" duration="149"/>
    </file>
    <file path="/Users/louise/Documents/acelera/carango-bom-base/src/pages/login/Login.test.js">
        <testCase name="Testes de Login Testes de renderização e exibição Deve renderizar componente corretamente" duration="979"/>
        <testCase name="Testes de Login Testes de renderização e exibição Deve exibir link para a página de Cadastro" duration="225"/>
        <testCase name="Testes de Login Testes de habilitar/desabilitar botão de Entrar Deve desabilitar botão de Entrar quando Usuário for inválido" duration="284"/>
        <testCase name="Testes de Login Testes de habilitar/desabilitar botão de Entrar Deve desabilitar botão de Entrar quando Senha for inválida" duration="214"/>
        <testCase name="Testes de Login Testes de habilitar/desabilitar botão de Entrar Deve habilitar botão de Entrar quando Os campos estiverem preenchidos corretamente " duration="249"/>
        <testCase name="Testes de Login Testes de redirecionamento Deve redirecionar para Home quando login for realizado com sucesso" duration="209"/>
    </file>
    <file path="/Users/louise/Documents/acelera/carango-bom-base/src/pages/usuario/ListagemUsuarios.test.js">
        <testCase name="Component de ListagemUsuarios Quando entrar na página Datagrid deve ser exibido" duration="1240"/>
        <testCase name="Component de ListagemUsuarios Quando entrar na página Datagrid deve exibir coluna de nome" duration="529"/>
        <testCase name="Component de ListagemUsuarios Quando entrar na página Datagrid deve exibir linha com valor de nome" duration="472"/>
        <testCase name="Component de ListagemUsuarios Quando um usuário estiver logado Botão excluir deve ser exibido" duration="285"/>
        <testCase name="Component de ListagemUsuarios Quando um usuário estiver logado Botão excluir deve estar desabilitado caso nenhuma linha do DataGrid tenha sido selecionada" duration="210"/>
        <testCase name="Component de ListagemUsuarios Quando um usuário estiver logado Botão excluir deve estar habilitado caso uma linha do DataGrid tenha sido selecionada" duration="259"/>
        <testCase name="Component de ListagemUsuarios Quando um usuário estiver logado Ao clicar no botão excluir deve chamar a função excluir, limpar o usuario selecionado e chamar a função listar" duration="300"/>
    </file>
    <file path="/Users/louise/Documents/acelera/carango-bom-base/src/pages/veiculo/CadastroVeiculo.test.js">
        <testCase name="Component de CadastroVeiculo Deve renderizar o componente corretamente" duration="1462"/>
        <testCase name="Component de CadastroVeiculo Deve abrir a página de cadastro corretamente" duration="152"/>
        <testCase name="Component de CadastroVeiculo Ao clicar no botão de cancelar, deve voltar para a página anterior" duration="165"/>
        <testCase name="Component de CadastroVeiculo Deve desabilitar botão de cadastrar quando o valor informado não for numérico" duration="314"/>
        <testCase name="Component de CadastroVeiculo Deve desabilitar botão de cadastrar ao preencher algum campo incorretamente" duration="187"/>
        <testCase name="Component de CadastroVeiculo Deve chamar a função cadastrar e voltar para a página anterior ao cadastrar um veículo válido" duration="429"/>
        <testCase name="Component de CadastroVeiculo Alteração de veículo Deve abrir página de alteração de veículo corretamente" duration="136"/>
        <testCase name="Component de CadastroVeiculo Alteração de veículo Deve carregar página com os dados do veículo selecionado ao clicar no botão de alterar veículo" duration="146"/>
        <testCase name="Component de CadastroVeiculo Alteração de veículo Deve desabilitar botão de alterar ao preencher algum campo incorretamente" duration="248"/>
        <testCase name="Component de CadastroVeiculo Alteração de veículo Deve chamar a função alterar e voltar para a página anterior ao alterar um veículo com sucesso" duration="341"/>
    </file>
    <file path="/Users/louise/Documents/acelera/carango-bom-base/src/pages/veiculo/ListagemVeiculos.test.js">
        <testCase name="Component de ListagemVeiculos Quando entrar na página Datagrid deve ser exibido" duration="1213"/>
        <testCase name="Component de ListagemVeiculos Quando entrar na página Datagrid deve exibir colunas de marca, modelo, ano e valor" duration="587"/>
        <testCase name="Component de ListagemVeiculos Quando entrar na página Datagrid deve exibir linha com valores de marca, modelo, ano e valor" duration="439"/>
        <testCase name="Component de ListagemVeiculos Quando um usuário estiver logado Botão excluir e alterar devem ser exibidos" duration="318"/>
        <testCase name="Component de ListagemVeiculos Quando um usuário estiver logado Botão excluir e alterar devem estar desabilitados caso nenhuma linha do DataGrid tenha sido selecionada" duration="194"/>
        <testCase name="Component de ListagemVeiculos Quando um usuário estiver logado Botão excluir e alterar devem estar habilitados caso uma linha do DataGrid tenha sido selecionada" duration="326"/>
        <testCase name="Component de ListagemVeiculos Quando um usuário estiver logado Botão adicionar deve ser exibido" duration="207"/>
        <testCase name="Component de ListagemVeiculos Quando um usuário estiver logado Botão adicionar deve estar habilitado" duration="215"/>
        <testCase name="Component de ListagemVeiculos Quando um usuário estiver logado Ao clicar no botão Excluir deve chamar a função excluir, limpar o veículo selecionado e chamar a função listar" duration="268"/>
        <testCase name="Component de ListagemVeiculos Quando um usuário estiver logado Ao clicar no botão Alterar deve redirecionar para a rota de alteração de veículo" duration="207"/>
        <testCase name="Component de ListagemVeiculos Quando um usuário estiver logado Ao clicar no botão Adicionar deve redirecionar para a página de cadastro de veículo" duration="124"/>
    </file>
    <file path="/Users/louise/Documents/acelera/carango-bom-base/src/pages/marca/ListagemMarcas.test.js">
        <testCase name="Component de ListagemMarcas Quando entrar na página deve exibir datagrid" duration="1096"/>
        <testCase name="Component de ListagemMarcas Quando entrar na página datagrid deve exibir coluna de marca" duration="366"/>
        <testCase name="Component de ListagemMarcas Quando entrar na página datagrid deve exibir linha com valores de marca" duration="240"/>
        <testCase name="Component de ListagemMarcas Quando entrar na página botão excluir deve ser exibido" duration="202"/>
        <testCase name="Component de ListagemMarcas Quando entrar na página botão alterar deve ser exibido" duration="190"/>
        <testCase name="Component de ListagemMarcas Quando entrar na página botão adicionar deve ser exibido" duration="192"/>
        <testCase name="Component de ListagemMarcas O botão excluir deve estar desabilitado caso nenhuma linha do DataGrid tenha sido selecionada" duration="205"/>
        <testCase name="Component de ListagemMarcas O botão excluir deve estar habilitado caso uma linha do DataGrid tenha sido selecionada" duration="223"/>
        <testCase name="Component de ListagemMarcas O botão excluir deve chamar a função excluir, limpar a marca selecionada e chamar a função listar" duration="220"/>
        <testCase name="Component de ListagemMarcas O botão alterar deve estar desabilitado caso nenhuma linha do DataGrid tenha sido selecionada" duration="125"/>
        <testCase name="Component de ListagemMarcas O botão alterar deve estar habilitado caso uma linha do DataGrid tenha sido selecionada" duration="160"/>
        <testCase name="Component de ListagemMarcas O botão alterar deve rotear para a página /alteracao-marca/:id" duration="154"/>
        <testCase name="Component de ListagemMarcas O botão adicionar deve estar habilitado" duration="145"/>
        <testCase name="Component de ListagemMarcas O botão adicionar deve rotear para a página de cadastrar marca" duration="146"/>
    </file>
</unitTest>