<?xml version="1.0" encoding="UTF-8"?>
<unitTest version="1">
    <file path="/Users/louise/Documents/acelera/carango-bom-base/src/pages/marca/CadastroMarca.test.js">
        <testCase name="Component de CadastroMarca O component deve sempre exibir o campo de marca" duration="579"/>
        <testCase name="Component de CadastroMarca O component deve sempre exibir o botão de cancelar" duration="228"/>
        <testCase name="Component de CadastroMarca Quando aperto o botão de cancelar, o component deve voltar para a página anterior" duration="209"/>
        <testCase name="Component de CadastroMarca Página de cadastro Quando acesso /cadastro-marca, estou na página de cadastro" duration="126"/>
        <testCase name="Component de CadastroMarca Página de cadastro Quando tento cadastrar uma marca inválida, o botão de cadastrar deve estar desabilitado" duration="181"/>
        <testCase name="Component de CadastroMarca Página de cadastro Quando tento cadastrar uma marca válida, o component deve chamar a função cadastrar e voltar para a página anterior" duration="192"/>
        <testCase name="Component de CadastroMarca Página de alteração Quando acesso /alteracao-marca/:id, estou na página de alteração" duration="150"/>
        <testCase name="Component de CadastroMarca Página de alteração Quando tento alterar a marca FORD, seu nome aparece no campo" duration="284"/>
        <testCase name="Component de CadastroMarca Página de alteração Quando tento alterar uma marca com um nome inválido, o botão de alterar deve estar desabilitado" duration="184"/>
        <testCase name="Component de CadastroMarca Página de alteração Quando tento alterar uma marca com um nome válido, o component deve chamar a função alterar e voltar para a página anterior" duration="173"/>
    </file>
    <file path="/Users/louise/Documents/acelera/carango-bom-base/src/pages/dashboard/Dashboard.test.js">
        <testCase name="Testes do componente Dashboard Deve renderizar o componente corretamente" duration="524"/>
        <testCase name="Testes do componente Dashboard Deve exibir aviso de nenhum veículo encontrado caso não exista veículo cadastrado" duration="21"/>
    </file>
    <file path="/Users/louise/Documents/acelera/carango-bom-base/src/components/header/Header.test.js">
        <testCase name="Testes do componente Header Usuário não logado Testes de renderização e exibição Deve renderizar componente corretamente" duration="1263"/>
        <testCase name="Testes do componente Header Usuário não logado Testes de renderização e exibição Deve exibir opções corretamente ao clicar no menu" duration="265"/>
        <testCase name="Testes do componente Header Usuário não logado Testes de redirecionamento Testes de Home e Login Deve redirecionar para a Home ao clicar no título" duration="220"/>
        <testCase name="Testes do componente Header Usuário não logado Testes de redirecionamento Testes de Home e Login Deve redirecionar para a tela de Login ao clicar no botão Login" duration="358"/>
        <testCase name="Testes do componente Header Usuário não logado Testes de redirecionamento Testes dos itens de menu Deve redirecionar para a página de listagem de veículos ao clicar na opção Veículos" duration="250"/>
        <testCase name="Testes do componente Header Usuário logado Testes de renderização e exibição Deve renderizar componente corretamente, incluindo nome do usuário logado" duration="332"/>
        <testCase name="Testes do componente Header Usuário logado Testes de renderização e exibição Deve exibir opções corretamente ao clicar no menu" duration="152"/>
        <testCase name="Testes do componente Header Usuário logado Testes de redirecionamento Testes de Logout Deve exibir opção de logout e limpar dados do usuário autenticado ao clicá-la" duration="403"/>
        <testCase name="Testes do componente Header Usuário logado Testes de redirecionamento Testes dos itens de menu Deve redirecionar para a página de listagem de marcas ao clicar na opção Marcas" duration="289"/>
    </file>
    <file path="/Users/louise/Documents/acelera/carango-bom-base/src/pages/login/Login.test.js">
        <testCase name="Testes de Login Testes de renderização e exibição Deve renderizar componente corretamente" duration="1293"/>
        <testCase name="Testes de Login Testes de renderização e exibição Deve exibir link para a página de Cadastro" duration="288"/>
        <testCase name="Testes de Login Testes de habilitar/desabilitar botão de Entrar Deve desabilitar botão de Entrar quando Usuário for inválido" duration="488"/>
        <testCase name="Testes de Login Testes de habilitar/desabilitar botão de Entrar Deve desabilitar botão de Entrar quando Senha for inválida" duration="334"/>
        <testCase name="Testes de Login Testes de habilitar/desabilitar botão de Entrar Deve habilitar botão de Entrar quando Os campos estiverem preenchidos corretamente " duration="313"/>
        <testCase name="Testes de Login Testes de redirecionamento Deve redirecionar para Home quando login for realizado com sucesso" duration="293"/>
    </file>
    <file path="/Users/louise/Documents/acelera/carango-bom-base/src/pages/cadastro/Cadastro.test.js">
        <testCase name="Testes de Login Testes de renderização e exibição Deve renderizar componente corretamente" duration="1611"/>
        <testCase name="Testes de Login Testes de renderização e exibição Deve exibir link para a página de Login" duration="392"/>
        <testCase name="Testes de Login Testes de habilitar/desabilitar botão de Cadastro Deve desabilitar botão de Cadastrar quando Usuário for inválido" duration="471"/>
        <testCase name="Testes de Login Testes de habilitar/desabilitar botão de Cadastro Deve desabilitar botão de Cadastrar quando Senha for inválida" duration="469"/>
        <testCase name="Testes de Login Testes de habilitar/desabilitar botão de Cadastro Deve desabilitar botão de Cadastrar quando Senhas forem diferentes" duration="405"/>
        <testCase name="Testes de Login Testes de habilitar/desabilitar botão de Cadastro Deve habilitar o botão de Cadastrar quando Os campos estiverem preenchidos corretamente " duration="394"/>
        <testCase name="Testes de Login Testes de redirecionamento Deve redirecionar para tela de Login quando cadastro for realizado com sucesso" duration="349"/>
    </file>
    <file path="/Users/louise/Documents/acelera/carango-bom-base/src/pages/usuario/ListagemUsuarios.test.js">
        <testCase name="Component de ListagemUsuarios Quando entrar na página Datagrid deve ser exibido" duration="1839"/>
        <testCase name="Component de ListagemUsuarios Quando entrar na página Datagrid deve exibir coluna de nome" duration="840"/>
        <testCase name="Component de ListagemUsuarios Quando entrar na página Datagrid deve exibir linha com valor de nome" duration="750"/>
        <testCase name="Component de ListagemUsuarios Quando um usuário estiver logado Botão excluir deve ser exibido" duration="455"/>
        <testCase name="Component de ListagemUsuarios Quando um usuário estiver logado Botão excluir deve estar desabilitado caso nenhuma linha do DataGrid tenha sido selecionada" duration="349"/>
        <testCase name="Component de ListagemUsuarios Quando um usuário estiver logado Botão excluir deve estar habilitado caso uma linha do DataGrid tenha sido selecionada" duration="350"/>
        <testCase name="Component de ListagemUsuarios Quando um usuário estiver logado Ao clicar no botão excluir deve chamar a função excluir, limpar o usuario selecionado e chamar a função listar" duration="314"/>
    </file>
    <file path="/Users/louise/Documents/acelera/carango-bom-base/src/pages/veiculo/CadastroVeiculo.test.js">
        <testCase name="Component de CadastroVeiculo Deve renderizar o componente corretamente" duration="2460"/>
        <testCase name="Component de CadastroVeiculo Deve abrir a página de cadastro corretamente" duration="301"/>
        <testCase name="Component de CadastroVeiculo Ao clicar no botão de cancelar, deve voltar para a página anterior" duration="280"/>
        <testCase name="Component de CadastroVeiculo Deve desabilitar botão de cadastrar quando o valor informado não for numérico" duration="622"/>
        <testCase name="Component de CadastroVeiculo Deve desabilitar botão de cadastrar ao preencher algum campo incorretamente" duration="482"/>
        <testCase name="Component de CadastroVeiculo Deve chamar a função cadastrar e voltar para a página anterior ao cadastrar um veículo válido" duration="689"/>
        <testCase name="Component de CadastroVeiculo Alteração de veículo Deve abrir página de alteração de veículo corretamente" duration="142"/>
        <testCase name="Component de CadastroVeiculo Alteração de veículo Deve carregar página com os dados do veículo selecionado ao clicar no botão de alterar veículo" duration="135"/>
        <testCase name="Component de CadastroVeiculo Alteração de veículo Deve desabilitar botão de alterar ao preencher algum campo incorretamente" duration="270"/>
        <testCase name="Component de CadastroVeiculo Alteração de veículo Deve chamar a função alterar e voltar para a página anterior ao alterar um veículo com sucesso" duration="433"/>
    </file>
    <file path="/Users/louise/Documents/acelera/carango-bom-base/src/pages/veiculo/ListagemVeiculos.test.js">
        <testCase name="Component de ListagemVeiculos Quando entrar na página Datagrid deve ser exibido" duration="1787"/>
        <testCase name="Component de ListagemVeiculos Quando entrar na página Datagrid deve exibir colunas de marca, modelo, ano e valor" duration="971"/>
        <testCase name="Component de ListagemVeiculos Quando entrar na página Datagrid deve exibir linha com valores de marca, modelo, ano e valor" duration="777"/>
        <testCase name="Component de ListagemVeiculos Quando um usuário estiver logado Botão excluir e alterar devem ser exibidos" duration="609"/>
        <testCase name="Component de ListagemVeiculos Quando um usuário estiver logado Botão excluir e alterar devem estar desabilitados caso nenhuma linha do DataGrid tenha sido selecionada" duration="275"/>
        <testCase name="Component de ListagemVeiculos Quando um usuário estiver logado Botão excluir e alterar devem estar habilitados caso uma linha do DataGrid tenha sido selecionada" duration="441"/>
        <testCase name="Component de ListagemVeiculos Quando um usuário estiver logado Botão adicionar deve ser exibido" duration="214"/>
        <testCase name="Component de ListagemVeiculos Quando um usuário estiver logado Botão adicionar deve estar habilitado" duration="189"/>
        <testCase name="Component de ListagemVeiculos Quando um usuário estiver logado Ao clicar no botão Excluir deve chamar a função excluir, limpar o veículo selecionado e chamar a função listar" duration="317"/>
        <testCase name="Component de ListagemVeiculos Quando um usuário estiver logado Ao clicar no botão Alterar deve redirecionar para a rota de alteração de veículo" duration="258"/>
        <testCase name="Component de ListagemVeiculos Quando um usuário estiver logado Ao clicar no botão Adicionar deve redirecionar para a página de cadastro de veículo" duration="159"/>
    </file>
    <file path="/Users/louise/Documents/acelera/carango-bom-base/src/pages/marca/ListagemMarcas.test.js">
        <testCase name="Component de ListagemMarcas Quando entrar na página deve exibir datagrid" duration="2012"/>
        <testCase name="Component de ListagemMarcas Quando entrar na página datagrid deve exibir coluna de marca" duration="819"/>
        <testCase name="Component de ListagemMarcas Quando entrar na página datagrid deve exibir linha com valores de marca" duration="645"/>
        <testCase name="Component de ListagemMarcas Quando entrar na página botão excluir deve ser exibido" duration="517"/>
        <testCase name="Component de ListagemMarcas Quando entrar na página botão alterar deve ser exibido" duration="312"/>
        <testCase name="Component de ListagemMarcas Quando entrar na página botão adicionar deve ser exibido" duration="275"/>
        <testCase name="Component de ListagemMarcas O botão excluir deve estar desabilitado caso nenhuma linha do DataGrid tenha sido selecionada" duration="193"/>
        <testCase name="Component de ListagemMarcas O botão excluir deve estar habilitado caso uma linha do DataGrid tenha sido selecionada" duration="282"/>
        <testCase name="Component de ListagemMarcas O botão excluir deve chamar a função excluir, limpar a marca selecionada e chamar a função listar" duration="283"/>
        <testCase name="Component de ListagemMarcas O botão alterar deve estar desabilitado caso nenhuma linha do DataGrid tenha sido selecionada" duration="208"/>
        <testCase name="Component de ListagemMarcas O botão alterar deve estar habilitado caso uma linha do DataGrid tenha sido selecionada" duration="206"/>
        <testCase name="Component de ListagemMarcas O botão alterar deve rotear para a página /alteracao-marca/:id" duration="217"/>
        <testCase name="Component de ListagemMarcas O botão adicionar deve estar habilitado" duration="147"/>
        <testCase name="Component de ListagemMarcas O botão adicionar deve rotear para a página de cadastrar marca" duration="127"/>
    </file>
</unitTest>