<?xml version="1.0" encoding="UTF-8"?>
<unitTest version="1">
    <file path="/Users/louise/Documents/acelera/carango-bom-base/src/pages/login/Login.test.js">
        <testCase name="Testes de Login Testes de renderização e exibição Deve renderizar componente corretamente" duration="490"/>
        <testCase name="Testes de Login Testes de renderização e exibição Deve exibir link para a página de Cadastro" duration="408"/>
        <testCase name="Testes de Login Testes de redirecionamento Deve redirecionar para Home quando login for realizado com sucesso" duration="439"/>
    </file>
    <file path="/Users/louise/Documents/acelera/carango-bom-base/src/components/header/Header.test.js">
        <testCase name="Testes do componente Header Usuário não logado Testes de renderização e exibição Deve renderizar componente corretamente" duration="739"/>
        <testCase name="Testes do componente Header Usuário não logado Testes de renderização e exibição Deve exibir opções corretamente ao clicar no menu" duration="247"/>
        <testCase name="Testes do componente Header Usuário não logado Testes de redirecionamento Testes de Home e Login Deve redirecionar para a Home ao clicar no título" duration="144"/>
        <testCase name="Testes do componente Header Usuário não logado Testes de redirecionamento Testes de Home e Login Deve redirecionar para a tela de Login ao clicar no botão Login" duration="259"/>
        <testCase name="Testes do componente Header Usuário não logado Testes de redirecionamento Testes dos itens de menu Deve redirecionar para a página de listagem de veículos ao clicar na opção Veículos" duration="234"/>
        <testCase name="Testes do componente Header Usuário logado Testes de renderização e exibição Deve renderizar componente corretamente, incluindo nome do usuário logado" duration="311"/>
        <testCase name="Testes do componente Header Usuário logado Testes de renderização e exibição Deve exibir opções corretamente ao clicar no menu" duration="230"/>
        <testCase name="Testes do componente Header Usuário logado Testes de redirecionamento Testes de Logout Deve exibir opção de logout e limpar dados do usuário autenticado ao clicá-la" duration="332"/>
        <testCase name="Testes do componente Header Usuário logado Testes de redirecionamento Testes dos itens de menu Deve redirecionar para a página de listagem de marcas ao clicar na opção Marcas" duration="240"/>
    </file>
    <file path="/Users/louise/Documents/acelera/carango-bom-base/src/pages/alterar-senha/AlterarSenha.test.js">
        <testCase name="Testes do componente AlterarSenha Teste de renderização e exibição Deve renderizar componente corretamente" duration="240"/>
        <testCase name="Testes do componente AlterarSenha Teste de renderização e exibição Deve redirecionar para Home ao alterar uma senha corretamente" duration="366"/>
    </file>
    <file path="/Users/louise/Documents/acelera/carango-bom-base/src/components/veiculos-filtro/VeiculosFiltro.test.js">
        <testCase name="Testes de VeiculosFiltro Deve renderizar select de marcas e modelos, input de preço máximo e mínimo e botões de limpar filtros e filtrar" duration="1104"/>
        <testCase name="Testes de VeiculosFiltro Teste com campos de filtro vazios Botão de limpar filtros deve estar desabilitado" duration="216"/>
        <testCase name="Testes de VeiculosFiltro Teste com campos de filtro vazios Botão de filtrar deve estar desabilitado" duration="183"/>
        <testCase name="Testes de VeiculosFiltro Teste com campos de filtro preenchidos Botão de limpar filtros deve estar habilitado" duration="706"/>
        <testCase name="Testes de VeiculosFiltro Teste com campos de filtro preenchidos Botão de filtrar deve limpar os valores do filtro" duration="464"/>
        <testCase name="Testes de VeiculosFiltro Teste com campos de filtro preenchidos Botão de limpar filtros deve limpar os valores do filtro" duration="410"/>
        <testCase name="Testes de VeiculosFiltro Teste com campos de filtro preenchidos Botão de filtrar deve enviar objeto com valores dos filtros" duration="387"/>
    </file>
    <file path="/Users/louise/Documents/acelera/carango-bom-base/src/components/login-form/LoginFormComponent.test.js">
        <testCase name="Testes de LoginFormComponent Testes com o modo login Deve renderizar componente corretamente" duration="573"/>
        <testCase name="Testes de LoginFormComponent Testes com o modo login Deve desabilitar botão de Entrar quando Usuário for inválido" duration="201"/>
        <testCase name="Testes de LoginFormComponent Testes com o modo login Deve desabilitar botão de Entrar quando Senha for inválida" duration="139"/>
        <testCase name="Testes de LoginFormComponent Testes com o modo login Deve habilitar botão de Entrar quando Os campos estiverem preenchidos corretamente " duration="138"/>
        <testCase name="Testes de LoginFormComponent Testes com o modo cadastrar Deve renderizar componente corretamente" duration="224"/>
        <testCase name="Testes de LoginFormComponent Testes com o modo cadastrar Deve desabilitar botão de Cadastrar quando Usuário for inválido" duration="146"/>
        <testCase name="Testes de LoginFormComponent Testes com o modo cadastrar Deve desabilitar botão de Cadastrar quando Senha for inválida" duration="90"/>
        <testCase name="Testes de LoginFormComponent Testes com o modo cadastrar Deve desabilitar botão de Cadastrar quando Senhas forem diferentes" duration="148"/>
        <testCase name="Testes de LoginFormComponent Testes com o modo cadastrar Deve habilitar o botão de Cadastrar quando Os campos estiverem preenchidos corretamente " duration="149"/>
    </file>
    <file path="/Users/louise/Documents/acelera/carango-bom-base/src/pages/veiculo/CadastroVeiculo.test.js">
        <testCase name="Component de CadastroVeiculo Deve renderizar o componente corretamente" duration="1672"/>
        <testCase name="Component de CadastroVeiculo Deve abrir a página de cadastro corretamente" duration="260"/>
        <testCase name="Component de CadastroVeiculo Ao clicar no botão de cancelar, deve voltar para a página anterior" duration="229"/>
        <testCase name="Component de CadastroVeiculo Deve desabilitar botão de cadastrar quando o valor informado não for numérico" duration="563"/>
        <testCase name="Component de CadastroVeiculo Deve desabilitar botão de cadastrar ao preencher algum campo incorretamente" duration="447"/>
        <testCase name="Component de CadastroVeiculo Deve chamar a função cadastrar e voltar para a página anterior ao cadastrar um veículo válido" duration="762"/>
        <testCase name="Component de CadastroVeiculo Alteração de veículo Deve abrir página de alteração de veículo corretamente" duration="222"/>
        <testCase name="Component de CadastroVeiculo Alteração de veículo Deve carregar página com os dados do veículo selecionado ao clicar no botão de alterar veículo" duration="185"/>
        <testCase name="Component de CadastroVeiculo Alteração de veículo Deve desabilitar botão de alterar ao preencher algum campo incorretamente" duration="350"/>
        <testCase name="Component de CadastroVeiculo Alteração de veículo Deve chamar a função alterar e voltar para a página anterior ao alterar um veículo com sucesso" duration="427"/>
    </file>
    <file path="/Users/louise/Documents/acelera/carango-bom-base/src/pages/marca/ListagemMarcas.test.js">
        <testCase name="Component de ListagemMarcas Quando entrar na página deve exibir datagrid" duration="1235"/>
        <testCase name="Component de ListagemMarcas Quando entrar na página datagrid deve exibir coluna de marca" duration="700"/>
        <testCase name="Component de ListagemMarcas Quando entrar na página datagrid deve exibir linha com valores de marca" duration="636"/>
        <testCase name="Component de ListagemMarcas Quando entrar na página botão excluir deve ser exibido" duration="478"/>
        <testCase name="Component de ListagemMarcas Quando entrar na página botão alterar deve ser exibido" duration="300"/>
        <testCase name="Component de ListagemMarcas Quando entrar na página botão adicionar deve ser exibido" duration="335"/>
        <testCase name="Component de ListagemMarcas O botão excluir deve estar desabilitado caso nenhuma linha do DataGrid tenha sido selecionada" duration="273"/>
        <testCase name="Component de ListagemMarcas O botão excluir deve estar habilitado caso uma linha do DataGrid tenha sido selecionada" duration="341"/>
        <testCase name="Component de ListagemMarcas O botão excluir deve chamar a função excluir, limpar a marca selecionada e chamar a função listar" duration="392"/>
        <testCase name="Component de ListagemMarcas O botão alterar deve estar desabilitado caso nenhuma linha do DataGrid tenha sido selecionada" duration="167"/>
        <testCase name="Component de ListagemMarcas O botão alterar deve estar habilitado caso uma linha do DataGrid tenha sido selecionada" duration="209"/>
        <testCase name="Component de ListagemMarcas O botão alterar deve rotear para a página /alteracao-marca/:id" duration="189"/>
        <testCase name="Component de ListagemMarcas O botão adicionar deve estar habilitado" duration="120"/>
        <testCase name="Component de ListagemMarcas O botão adicionar deve rotear para a página de cadastrar marca" duration="121"/>
    </file>
    <file path="/Users/louise/Documents/acelera/carango-bom-base/src/pages/marca/CadastroMarca.test.js">
        <testCase name="Component de CadastroMarca O component deve sempre exibir o campo de marca" duration="115"/>
        <testCase name="Component de CadastroMarca O component deve sempre exibir o botão de cancelar" duration="44"/>
        <testCase name="Component de CadastroMarca Quando aperto o botão de cancelar, o component deve voltar para a página anterior" duration="48"/>
        <testCase name="Component de CadastroMarca Página de cadastro Quando acesso /cadastro-marca, estou na página de cadastro" duration="31"/>
        <testCase name="Component de CadastroMarca Página de cadastro Quando tento cadastrar uma marca inválida, o botão de cadastrar deve estar desabilitado" duration="43"/>
        <testCase name="Component de CadastroMarca Página de cadastro Quando tento cadastrar uma marca válida, o component deve chamar a função cadastrar e voltar para a página anterior" duration="43"/>
        <testCase name="Component de CadastroMarca Página de alteração Quando acesso /alteracao-marca/:id, estou na página de alteração" duration="52"/>
        <testCase name="Component de CadastroMarca Página de alteração Quando tento alterar a marca FORD, seu nome aparece no campo" duration="39"/>
        <testCase name="Component de CadastroMarca Página de alteração Quando tento alterar uma marca com um nome inválido, o botão de alterar deve estar desabilitado" duration="42"/>
        <testCase name="Component de CadastroMarca Página de alteração Quando tento alterar uma marca com um nome válido, o component deve chamar a função alterar e voltar para a página anterior" duration="37"/>
    </file>
    <file path="/Users/louise/Documents/acelera/carango-bom-base/src/pages/veiculo/ListagemVeiculos.test.js">
        <testCase name="Component de ListagemVeiculos Quando entrar na página Datagrid deve ser exibido" duration="1319"/>
        <testCase name="Component de ListagemVeiculos Quando entrar na página Datagrid deve exibir colunas de marca, modelo, ano e valor" duration="768"/>
        <testCase name="Component de ListagemVeiculos Quando entrar na página Datagrid deve exibir linha com valores de marca, modelo, ano e valor" duration="689"/>
        <testCase name="Component de ListagemVeiculos Quando um usuário estiver logado Botão excluir e alterar devem ser exibidos" duration="682"/>
        <testCase name="Component de ListagemVeiculos Quando um usuário estiver logado Botão excluir e alterar devem estar desabilitados caso nenhuma linha do DataGrid tenha sido selecionada" duration="547"/>
        <testCase name="Component de ListagemVeiculos Quando um usuário estiver logado Botão excluir e alterar devem estar habilitados caso uma linha do DataGrid tenha sido selecionada" duration="571"/>
        <testCase name="Component de ListagemVeiculos Quando um usuário estiver logado Botão adicionar deve ser exibido" duration="312"/>
        <testCase name="Component de ListagemVeiculos Quando um usuário estiver logado Botão adicionar deve estar habilitado" duration="271"/>
        <testCase name="Component de ListagemVeiculos Quando um usuário estiver logado Ao clicar no botão Excluir deve chamar a função excluir, limpar o veículo selecionado e chamar a função listar" duration="337"/>
        <testCase name="Component de ListagemVeiculos Quando um usuário estiver logado Ao clicar no botão Alterar deve redirecionar para a rota de alteração de veículo" duration="254"/>
        <testCase name="Component de ListagemVeiculos Quando um usuário estiver logado Ao clicar no botão Adicionar deve redirecionar para a página de cadastro de veículo" duration="177"/>
        <testCase name="Component de ListagemVeiculos Quando um usuário estiver logado Filtros deve ser exibido" duration="175"/>
    </file>
    <file path="/Users/louise/Documents/acelera/carango-bom-base/src/pages/cadastro/Cadastro.test.js">
        <testCase name="Testes de Cadastro Testes de renderização e exibição Deve renderizar componente corretamente" duration="129"/>
        <testCase name="Testes de Cadastro Testes de renderização e exibição Deve exibir link para a página de Login" duration="139"/>
        <testCase name="Testes de Cadastro Testes de redirecionamento Deve redirecionar para tela de Login quando cadastro for realizado com sucesso" duration="126"/>
    </file>
    <file path="/Users/louise/Documents/acelera/carango-bom-base/src/pages/dashboard/Dashboard.test.js">
        <testCase name="Testes do componente Dashboard Deve renderizar o componente corretamente" duration="91"/>
        <testCase name="Testes do componente Dashboard Deve exibir aviso de nenhum veículo encontrado caso não exista veículo cadastrado" duration="7"/>
    </file>
    <file path="/Users/louise/Documents/acelera/carango-bom-base/src/pages/usuario/ListagemUsuarios.test.js">
        <testCase name="Component de ListagemUsuarios Quando entrar na página Datagrid deve ser exibido" duration="378"/>
        <testCase name="Component de ListagemUsuarios Quando entrar na página Datagrid deve exibir coluna de nome" duration="182"/>
        <testCase name="Component de ListagemUsuarios Quando entrar na página Datagrid deve exibir linha com valor de nome" duration="186"/>
        <testCase name="Component de ListagemUsuarios Quando um usuário estiver logado Botão excluir deve ser exibido" duration="148"/>
        <testCase name="Component de ListagemUsuarios Quando um usuário estiver logado Botão excluir deve estar desabilitado caso nenhuma linha do DataGrid tenha sido selecionada" duration="138"/>
        <testCase name="Component de ListagemUsuarios Quando um usuário estiver logado Botão excluir deve estar desabilitado caso o usuário selecionado do DataGrid for o mesmo que estiver autenticado" duration="188"/>
        <testCase name="Component de ListagemUsuarios Quando um usuário estiver logado Botão excluir deve estar habilitado caso uma linha do DataGrid tenha sido selecionada" duration="177"/>
        <testCase name="Component de ListagemUsuarios Quando um usuário estiver logado Ao clicar no botão excluir deve chamar a função excluir, limpar o usuario selecionado e chamar a função listar" duration="178"/>
    </file>
</unitTest>